Using pre-set license
Built from '2021.3/staging' branch; Version is '2021.3.20f1 (577897200b8b) revision 5732503'; Using compiler version '192829333'; Build Type 'Release'
OS: 'Windows 11  (10.0.22621) 64bit Core' Language: 'ko' Physical Memory: 16296 MB
BatchMode: 1, IsHumanControllingUs: 0, StartBugReporterOnCrash: 0, Is64bit: 1, IsPro: 1

COMMAND LINE ARGUMENTS:
C:\Program Files\Unity\Hub\Editor\2021.3.20f1\Editor\Unity.exe
-adb2
-batchMode
-noUpm
-name
AssetImportWorker0
-projectPath
D:/OneDrive/ë¬¸ì„œ/GitHub/Farming-GO/FarmingGO
-logFile
Logs/AssetImportWorker0.log
-srvPort
12352
Successfully changed project path to: D:/OneDrive/ë¬¸ì„œ/GitHub/Farming-GO/FarmingGO
D:/OneDrive/ë¬¸ì„œ/GitHub/Farming-GO/FarmingGO
[UnityMemory] Configuration Parameters - Can be set up in boot.config
    "memorysetup-bucket-allocator-granularity=16"
    "memorysetup-bucket-allocator-bucket-count=8"
    "memorysetup-bucket-allocator-block-size=33554432"
    "memorysetup-bucket-allocator-block-count=8"
    "memorysetup-main-allocator-block-size=16777216"
    "memorysetup-thread-allocator-block-size=16777216"
    "memorysetup-gfx-main-allocator-block-size=16777216"
    "memorysetup-gfx-thread-allocator-block-size=16777216"
    "memorysetup-cache-allocator-block-size=4194304"
    "memorysetup-typetree-allocator-block-size=2097152"
    "memorysetup-profiler-bucket-allocator-granularity=16"
    "memorysetup-profiler-bucket-allocator-bucket-count=8"
    "memorysetup-profiler-bucket-allocator-block-size=33554432"
    "memorysetup-profiler-bucket-allocator-block-count=8"
    "memorysetup-profiler-allocator-block-size=16777216"
    "memorysetup-profiler-editor-allocator-block-size=1048576"
    "memorysetup-temp-allocator-size-main=16777216"
    "memorysetup-job-temp-allocator-block-size=2097152"
    "memorysetup-job-temp-allocator-block-size-background=1048576"
    "memorysetup-job-temp-allocator-reduction-small-platforms=262144"
    "memorysetup-temp-allocator-size-background-worker=32768"
    "memorysetup-temp-allocator-size-job-worker=262144"
    "memorysetup-temp-allocator-size-preload-manager=33554432"
    "memorysetup-temp-allocator-size-nav-mesh-worker=65536"
    "memorysetup-temp-allocator-size-audio-worker=65536"
    "memorysetup-temp-allocator-size-cloud-worker=32768"
    "memorysetup-temp-allocator-size-gi-baking-worker=262144"
    "memorysetup-temp-allocator-size-gfx=262144"
Player connection [45440] Host "[IP] 192.168.35.64 [Port] 0 [Flags] 2 [Guid] 79466463 [EditorId] 79466463 [Version] 1048832 [Id] WindowsEditor(7,µ¿ÀÏ) [Debug] 1 [PackageName] WindowsEditor [ProjectName] Editor" joined multi-casting on [225.0.0.222:54997]...

Player connection [45440] Host "[IP] 192.168.35.64 [Port] 0 [Flags] 2 [Guid] 79466463 [EditorId] 79466463 [Version] 1048832 [Id] WindowsEditor(7,µ¿ÀÏ) [Debug] 1 [PackageName] WindowsEditor [ProjectName] Editor" joined alternative multi-casting on [225.0.0.222:34997]...

Refreshing native plugins compatible for Editor in 87.21 ms, found 3 plugins.
Preloading 0 native plugins for Editor in 0.00 ms.
Initialize engine version: 2021.3.20f1 (577897200b8b)
[Subsystems] Discovering subsystems at path C:/Program Files/Unity/Hub/Editor/2021.3.20f1/Editor/Data/Resources/UnitySubsystems
[Subsystems] Discovering subsystems at path D:/OneDrive/ë¬¸ì„œ/GitHub/Farming-GO/FarmingGO/Assets
GfxDevice: creating device client; threaded=0; jobified=0
Direct3D:
    Version:  Direct3D 11.0 [level 11.1]
    Renderer: NVIDIA GeForce GTX 1050 Ti (ID=0x1c82)
    Vendor:   NVIDIA
    VRAM:     4017 MB
    Driver:   31.0.15.2824
Initialize mono
Mono path[0] = 'C:/Program Files/Unity/Hub/Editor/2021.3.20f1/Editor/Data/Managed'
Mono path[1] = 'C:/Program Files/Unity/Hub/Editor/2021.3.20f1/Editor/Data/MonoBleedingEdge/lib/mono/unityjit-win32'
Mono config path = 'C:/Program Files/Unity/Hub/Editor/2021.3.20f1/Editor/Data/MonoBleedingEdge/etc'
Using monoOptions --debugger-agent=transport=dt_socket,embedding=1,server=y,suspend=n,address=127.0.0.1:56256
Begin MonoManager ReloadAssembly
Registering precompiled unity dll's ...
Register platform support module: C:/Program Files/Unity/Hub/Editor/2021.3.20f1/Editor/Data/PlaybackEngines/AndroidPlayer/UnityEditor.Android.Extensions.dll
Register platform support module: C:/Program Files/Unity/Hub/Editor/2021.3.20f1/Editor/Data/PlaybackEngines/WindowsStandaloneSupport/UnityEditor.WindowsStandalone.Extensions.dll
Registered in 0.006251 seconds.
Native extension for WindowsStandalone target not found
Native extension for Android target not found
Android Extension - Scanning For ADB Devices 288 ms
Refreshing native plugins compatible for Editor in 81.56 ms, found 3 plugins.
Preloading 0 native plugins for Editor in 0.00 ms.
Mono: successfully reloaded assembly
- Completed reload, in  1.000 seconds
Domain Reload Profiling:
	ReloadAssembly (1000ms)
		BeginReloadAssembly (96ms)
			ExecutionOrderSort (0ms)
			DisableScriptedObjects (0ms)
			BackupInstance (0ms)
			ReleaseScriptingObjects (0ms)
			CreateAndSetChildDomain (1ms)
		EndReloadAssembly (800ms)
			LoadAssemblies (94ms)
			RebuildTransferFunctionScriptingTraits (0ms)
			SetupTypeCache (111ms)
			ReleaseScriptCaches (0ms)
			RebuildScriptCaches (32ms)
			SetupLoadedEditorAssemblies (603ms)
				LogAssemblyErrors (0ms)
				InitializePlatformSupportModulesInManaged (355ms)
				SetLoadedEditorAssemblies (0ms)
				RefreshPlugins (82ms)
				BeforeProcessingInitializeOnLoad (2ms)
				ProcessInitializeOnLoadAttributes (117ms)
				ProcessInitializeOnLoadMethodAttributes (47ms)
				AfterProcessingInitializeOnLoad (0ms)
				EditorAssembliesLoaded (0ms)
			ExecutionOrderSort2 (0ms)
			AwakeInstancesAfterBackupRestoration (0ms)
Platform modules already initialized, skipping
Registering precompiled user dll's ...
Registered in 0.004530 seconds.
Begin MonoManager ReloadAssembly
Symbol file LoadedFromMemory doesn't match image D:\OneDrive\ë¬¸ì„œ\GitHub\Farming-GO\FarmingGO\Library\PackageCache\com.unity.visualscripting@1.8.0\Editor\VisualScripting.Core\Dependencies\YamlDotNet\Unity.VisualScripting.YamlDotNet.dll
Symbol file LoadedFromMemory doesn't match image D:\OneDrive\ë¬¸ì„œ\GitHub\Farming-GO\FarmingGO\Library\PackageCache\com.unity.visualscripting@1.8.0\Editor\VisualScripting.Core\Dependencies\DotNetZip\Unity.VisualScripting.IonicZip.dll
Native extension for WindowsStandalone target not found
Native extension for Android target not found
Refreshing native plugins compatible for Editor in 0.61 ms, found 3 plugins.
Preloading 0 native plugins for Editor in 0.00 ms.
Mono: successfully reloaded assembly
Package Manager log level set to [2]
- Completed reload, in  1.047 seconds
Domain Reload Profiling:
	ReloadAssembly (1048ms)
		BeginReloadAssembly (122ms)
			ExecutionOrderSort (0ms)
			DisableScriptedObjects (8ms)
			BackupInstance (0ms)
			ReleaseScriptingObjects (0ms)
			CreateAndSetChildDomain (20ms)
		EndReloadAssembly (822ms)
			LoadAssemblies (94ms)
			RebuildTransferFunctionScriptingTraits (0ms)
			SetupTypeCache (224ms)
			ReleaseScriptCaches (1ms)
			RebuildScriptCaches (57ms)
			SetupLoadedEditorAssemblies (382ms)
				LogAssemblyErrors (0ms)
				InitializePlatformSupportModulesInManaged (18ms)
				SetLoadedEditorAssemblies (0ms)
				RefreshPlugins (1ms)
				BeforeProcessingInitializeOnLoad (88ms)
				ProcessInitializeOnLoadAttributes (240ms)
				ProcessInitializeOnLoadMethodAttributes (23ms)
				AfterProcessingInitializeOnLoad (11ms)
				EditorAssembliesLoaded (0ms)
			ExecutionOrderSort2 (0ms)
			AwakeInstancesAfterBackupRestoration (10ms)
Platform modules already initialized, skipping
========================================================================
Worker process is ready to serve import requests
Launched and connected shader compiler UnityShaderCompiler.exe after 0.04 seconds
Refreshing native plugins compatible for Editor in 0.58 ms, found 3 plugins.
Preloading 0 native plugins for Editor in 0.00 ms.
Unloading 3194 Unused Serialized files (Serialized files now loaded: 0)
Unloading 37 unused Assets / (87.9 KB). Loaded Objects now: 3644.
Memory consumption went from 117.4 MB to 117.3 MB.
Total: 3.276100 ms (FindLiveObjects: 0.280500 ms CreateObjectMapping: 0.177500 ms MarkObjects: 2.728200 ms  DeleteObjects: 0.089200 ms)

AssetImportParameters requested are different than current active one (requested -> active):
  custom:video-decoder-ogg-theora: a1e56fd34408186e4bbccfd4996cb3dc -> 
  custom:container-muxer-webm: aa71ff27fc2769a1b78a27578f13a17b -> 
  custom:container-demuxer-webm: 4f35f7cbe854078d1ac9338744f61a02 -> 
  custom:video-encoder-webm-vp8: eb34c28f22e8b96e1ab97ce403110664 -> 
  custom:audio-encoder-webm-vorbis: bf7c407c2cedff20999df2af8eb42d56 -> 
  custom:framework-win-MediaFoundation: 216162199b28c13a410421893ffa2e32 -> 
  custom:container-demuxer-ogg: 62fdf1f143b41e24485cea50d1cbac27 -> 
  custom:video-decoder-webm-vp8: 9c59270c3fd7afecdb556c50c9e8de78 -> 
  custom:audio-decoder-ogg-vorbis: bf7c407c2cedff20999df2af8eb42d56 -> 
========================================================================
Received Import Request.
  Time since last request: 515617.371867 seconds.
  path: Assets/Scripts/Slot.cs
  artifactKey: Guid(3b44a9ca2ae38724a9e1058889c322a7) Importer(815301076,1909f56bfc062723c751e8b465ee728b)
Start importing Assets/Scripts/Slot.cs using Guid(3b44a9ca2ae38724a9e1058889c322a7) Importer(815301076,1909f56bfc062723c751e8b465ee728b)  -> (artifact id: '610b96f8c0889d49765f97c9a1e48615') in 0.069239 seconds 
========================================================================
Received Import Request.
  Time since last request: 0.000040 seconds.
  path: Assets/Scripts/Land.cs
  artifactKey: Guid(b86900bf7baa40c44b062976cb637a7c) Importer(815301076,1909f56bfc062723c751e8b465ee728b)
Start importing Assets/Scripts/Land.cs using Guid(b86900bf7baa40c44b062976cb637a7c) Importer(815301076,1909f56bfc062723c751e8b465ee728b)  -> (artifact id: '4e9b920a64957e455b69a0e78645befc') in 0.011185 seconds 
========================================================================
Received Import Request.
  Time since last request: 0.208281 seconds.
  path: Assets/Scripts/TimeManager.cs
  artifactKey: Guid(d3c618105717316478961ded61bf0ad3) Importer(815301076,1909f56bfc062723c751e8b465ee728b)
Start importing Assets/Scripts/TimeManager.cs using Guid(d3c618105717316478961ded61bf0ad3) Importer(815301076,1909f56bfc062723c751e8b465ee728b)  -> (artifact id: '70a6e146b7ef96fd52d1c35a6f30c68d') in 0.008163 seconds 
========================================================================
Received Import Request.
  Time since last request: 0.280394 seconds.
  path: Assets/Scripts/TimeUI.cs
  artifactKey: Guid(f7e15fa439c69b640bb6cdc87a94f4b4) Importer(815301076,1909f56bfc062723c751e8b465ee728b)
Start importing Assets/Scripts/TimeUI.cs using Guid(f7e15fa439c69b640bb6cdc87a94f4b4) Importer(815301076,1909f56bfc062723c751e8b465ee728b)  -> (artifact id: 'd11cfafd155fda9ebac1e15f85fd8d3a') in 0.016180 seconds 
========================================================================
Received Import Request.
  Time since last request: 0.385090 seconds.
  path: Assets/Scripts/VirtualJoystick.cs
  artifactKey: Guid(9631ed659256fa64794d2346b30c3d05) Importer(815301076,1909f56bfc062723c751e8b465ee728b)
Start importing Assets/Scripts/VirtualJoystick.cs using Guid(9631ed659256fa64794d2346b30c3d05) Importer(815301076,1909f56bfc062723c751e8b465ee728b)  -> (artifact id: 'a91a123e6f71f18744be4af278ea7546') in 0.014810 seconds 
========================================================================
Received Import Request.
  Time since last request: 3.279376 seconds.
  path: Assets/Scripts/FieldItems.cs
  artifactKey: Guid(5ad98870e4b1b724494fc0d868b4748d) Importer(815301076,1909f56bfc062723c751e8b465ee728b)
Start importing Assets/Scripts/FieldItems.cs using Guid(5ad98870e4b1b724494fc0d868b4748d) Importer(815301076,1909f56bfc062723c751e8b465ee728b)  -> (artifact id: '28225df1c522e93f9ee4d3bde19b04e2') in 0.009671 seconds 
========================================================================
Received Prepare
Registering precompiled user dll's ...
Registered in 0.004941 seconds.
Begin MonoManager ReloadAssembly
Symbol file LoadedFromMemory doesn't match image D:\OneDrive\ë¬¸ì„œ\GitHub\Farming-GO\FarmingGO\Library\PackageCache\com.unity.visualscripting@1.8.0\Editor\VisualScripting.Core\Dependencies\YamlDotNet\Unity.VisualScripting.YamlDotNet.dll
Symbol file LoadedFromMemory doesn't match image D:\OneDrive\ë¬¸ì„œ\GitHub\Farming-GO\FarmingGO\Library\PackageCache\com.unity.visualscripting@1.8.0\Editor\VisualScripting.Core\Dependencies\DotNetZip\Unity.VisualScripting.IonicZip.dll
Native extension for WindowsStandalone target not found
Native extension for Android target not found
Refreshing native plugins compatible for Editor in 0.69 ms, found 3 plugins.
Preloading 0 native plugins for Editor in 0.00 ms.
Mono: successfully reloaded assembly
- Completed reload, in  1.053 seconds
Domain Reload Profiling:
	ReloadAssembly (1054ms)
		BeginReloadAssembly (162ms)
			ExecutionOrderSort (0ms)
			DisableScriptedObjects (6ms)
			BackupInstance (0ms)
			ReleaseScriptingObjects (0ms)
			CreateAndSetChildDomain (39ms)
		EndReloadAssembly (788ms)
			LoadAssemblies (113ms)
			RebuildTransferFunctionScriptingTraits (0ms)
			SetupTypeCache (255ms)
			ReleaseScriptCaches (1ms)
			RebuildScriptCaches (44ms)
			SetupLoadedEditorAssemblies (346ms)
				LogAssemblyErrors (0ms)
				InitializePlatformSupportModulesInManaged (24ms)
				SetLoadedEditorAssemblies (1ms)
				RefreshPlugins (1ms)
				BeforeProcessingInitializeOnLoad (80ms)
				ProcessInitializeOnLoadAttributes (212ms)
				ProcessInitializeOnLoadMethodAttributes (18ms)
				AfterProcessingInitializeOnLoad (11ms)
				EditorAssembliesLoaded (0ms)
			ExecutionOrderSort2 (0ms)
			AwakeInstancesAfterBackupRestoration (12ms)
Platform modules already initialized, skipping
Refreshing native plugins compatible for Editor in 3.02 ms, found 3 plugins.
Preloading 0 native plugins for Editor in 0.00 ms.
Unloading 3176 Unused Serialized files (Serialized files now loaded: 0)
Unloading 30 unused Assets / (54.5 KB). Loaded Objects now: 3647.
Memory consumption went from 115.9 MB to 115.9 MB.
Total: 3.719600 ms (FindLiveObjects: 0.390100 ms CreateObjectMapping: 0.387000 ms MarkObjects: 2.844900 ms  DeleteObjects: 0.095400 ms)

AssetImportParameters requested are different than current active one (requested -> active):
  custom:video-decoder-ogg-theora: a1e56fd34408186e4bbccfd4996cb3dc -> 
  custom:container-muxer-webm: aa71ff27fc2769a1b78a27578f13a17b -> 
  custom:container-demuxer-webm: 4f35f7cbe854078d1ac9338744f61a02 -> 
  custom:video-encoder-webm-vp8: eb34c28f22e8b96e1ab97ce403110664 -> 
  custom:audio-encoder-webm-vorbis: bf7c407c2cedff20999df2af8eb42d56 -> 
  custom:framework-win-MediaFoundation: 216162199b28c13a410421893ffa2e32 -> 
  custom:container-demuxer-ogg: 62fdf1f143b41e24485cea50d1cbac27 -> 
  custom:video-decoder-webm-vp8: 9c59270c3fd7afecdb556c50c9e8de78 -> 
  custom:audio-decoder-ogg-vorbis: bf7c407c2cedff20999df2af8eb42d56 -> 
========================================================================
Received Import Request.
  Time since last request: 471.667243 seconds.
  path: Assets/Data/Tools/New Equipment Data.asset
  artifactKey: Guid(64ef24c280428f94db808735d43540a3) Importer(815301076,1909f56bfc062723c751e8b465ee728b)
Start importing Assets/Data/Tools/New Equipment Data.asset using Guid(64ef24c280428f94db808735d43540a3) Importer(815301076,1909f56bfc062723c751e8b465ee728b)  -> (artifact id: '91867d1d6380b9b485f0c15adf4fd055') in 0.028612 seconds 
========================================================================
Received Import Request.
  Time since last request: 16.117108 seconds.
  path: Assets/Data/Tools/Axe.asset
  artifactKey: Guid(64ef24c280428f94db808735d43540a3) Importer(815301076,1909f56bfc062723c751e8b465ee728b)
Start importing Assets/Data/Tools/Axe.asset using Guid(64ef24c280428f94db808735d43540a3) Importer(815301076,1909f56bfc062723c751e8b465ee728b)  -> (artifact id: '341f517477959fc15d5d5f59ced495ce') in 0.009475 seconds 
========================================================================
Received Import Request.
  Time since last request: 12.521289 seconds.
  path: Assets/Data/Tools/Pickaxe.asset
  artifactKey: Guid(0b470d4691737a84d9db64197736cff4) Importer(815301076,1909f56bfc062723c751e8b465ee728b)
Start importing Assets/Data/Tools/Pickaxe.asset using Guid(0b470d4691737a84d9db64197736cff4) Importer(815301076,1909f56bfc062723c751e8b465ee728b)  -> (artifact id: '684a09d8229420acb433329433a163d7') in 0.008376 seconds 
========================================================================
Received Import Request.
  Time since last request: 8.821029 seconds.
  path: Assets/Data/Tools/Hoe.asset
  artifactKey: Guid(47eba3396033eae419ace7d22ced5e96) Importer(815301076,1909f56bfc062723c751e8b465ee728b)
Start importing Assets/Data/Tools/Hoe.asset using Guid(47eba3396033eae419ace7d22ced5e96) Importer(815301076,1909f56bfc062723c751e8b465ee728b)  -> (artifact id: '07b8d22f260a3c0d0d26a4ecee48ecee') in 0.007632 seconds 
========================================================================
Received Import Request.
  Time since last request: 15.739954 seconds.
  path: Assets/Data/Tools/Watering.asset
  artifactKey: Guid(0d24588876900cd4cbd448059e9f6b0e) Importer(815301076,1909f56bfc062723c751e8b465ee728b)
Start importing Assets/Data/Tools/Watering.asset using Guid(0d24588876900cd4cbd448059e9f6b0e) Importer(815301076,1909f56bfc062723c751e8b465ee728b)  -> (artifact id: 'ed28b200b2a7de1727ef60c72e9c97af') in 0.013319 seconds 
========================================================================
Received Import Request.
  Time since last request: 15.691918 seconds.
  path: Assets/Data/Tools/WateringCan.asset
  artifactKey: Guid(0d24588876900cd4cbd448059e9f6b0e) Importer(815301076,1909f56bfc062723c751e8b465ee728b)
Start importing Assets/Data/Tools/WateringCan.asset using Guid(0d24588876900cd4cbd448059e9f6b0e) Importer(815301076,1909f56bfc062723c751e8b465ee728b)  -> (artifact id: 'ef390189b6dac9312f7d2f36c31b9ca7') in 0.008565 seconds 
========================================================================
Received Import Request.
  Time since last request: 204.189014 seconds.
  path: Assets/Image/Joystick.png
  artifactKey: Guid(6d57a5987db253245bb43bcf7a4cfc68) Importer(815301076,1909f56bfc062723c751e8b465ee728b)
Start importing Assets/Image/Joystick.png using Guid(6d57a5987db253245bb43bcf7a4cfc68) Importer(815301076,1909f56bfc062723c751e8b465ee728b)  -> (artifact id: '84768a31412e4dd774abe4f145b4a289') in 0.217268 seconds 
========================================================================
Received Import Request.
  Time since last request: 8.334444 seconds.
  path: Assets/Farmland/Land.prefab
  artifactKey: Guid(b8fb4ed513f0eba48b17f98e6d59f0e2) Importer(815301076,1909f56bfc062723c751e8b465ee728b)
Start importing Assets/Farmland/Land.prefab using Guid(b8fb4ed513f0eba48b17f98e6d59f0e2) Importer(815301076,1909f56bfc062723c751e8b465ee728b)  -> (artifact id: '53e1344af08796bd5c3b47921614288a') in 0.153418 seconds 
========================================================================
Received Import Request.
  Time since last request: 45.168747 seconds.
  path: Assets/Image/farm tool icons outlined calciumtrice.png
  artifactKey: Guid(43aa5ecc16203f441a1ac4d65385c73c) Importer(815301076,1909f56bfc062723c751e8b465ee728b)
Start importing Assets/Image/farm tool icons outlined calciumtrice.png using Guid(43aa5ecc16203f441a1ac4d65385c73c) Importer(815301076,1909f56bfc062723c751e8b465ee728b)  -> (artifact id: 'c98ce5bddb34b2a4bbea06a60dac0018') in 0.017804 seconds 
========================================================================
Received Import Request.
  Time since last request: 19.121381 seconds.
  path: Assets/Image/Vegetables.png
  artifactKey: Guid(4fb8dcb9c427c62478830363cae9caa6) Importer(815301076,1909f56bfc062723c751e8b465ee728b)
Start importing Assets/Image/Vegetables.png using Guid(4fb8dcb9c427c62478830363cae9caa6) Importer(815301076,1909f56bfc062723c751e8b465ee728b)  -> (artifact id: '41fd57218b067753a8653d7d78e43e11') in 0.011449 seconds 
========================================================================
Received Import Request.
  Time since last request: 6.923655 seconds.
  path: Assets/Image/farm tool icons outlined calciumtrice.png
  artifactKey: Guid(43aa5ecc16203f441a1ac4d65385c73c) Importer(815301076,1909f56bfc062723c751e8b465ee728b)
Start importing Assets/Image/farm tool icons outlined calciumtrice.png using Guid(43aa5ecc16203f441a1ac4d65385c73c) Importer(815301076,1909f56bfc062723c751e8b465ee728b)  -> (artifact id: '1248be044afd746178f33b93f1891588') in 0.011222 seconds 
========================================================================
Received Prepare
Registering precompiled user dll's ...
Registered in 0.004480 seconds.
Begin MonoManager ReloadAssembly
Symbol file LoadedFromMemory doesn't match image D:\OneDrive\ë¬¸ì„œ\GitHub\Farming-GO\FarmingGO\Library\PackageCache\com.unity.visualscripting@1.8.0\Editor\VisualScripting.Core\Dependencies\YamlDotNet\Unity.VisualScripting.YamlDotNet.dll
Symbol file LoadedFromMemory doesn't match image D:\OneDrive\ë¬¸ì„œ\GitHub\Farming-GO\FarmingGO\Library\PackageCache\com.unity.visualscripting@1.8.0\Editor\VisualScripting.Core\Dependencies\DotNetZip\Unity.VisualScripting.IonicZip.dll
Native extension for WindowsStandalone target not found
Native extension for Android target not found
Refreshing native plugins compatible for Editor in 0.65 ms, found 3 plugins.
Preloading 0 native plugins for Editor in 0.00 ms.
Mono: successfully reloaded assembly
- Completed reload, in  0.995 seconds
Domain Reload Profiling:
	ReloadAssembly (996ms)
		BeginReloadAssembly (160ms)
			ExecutionOrderSort (0ms)
			DisableScriptedObjects (5ms)
			BackupInstance (0ms)
			ReleaseScriptingObjects (0ms)
			CreateAndSetChildDomain (48ms)
		EndReloadAssembly (738ms)
			LoadAssemblies (110ms)
			RebuildTransferFunctionScriptingTraits (0ms)
			SetupTypeCache (221ms)
			ReleaseScriptCaches (1ms)
			RebuildScriptCaches (44ms)
			SetupLoadedEditorAssemblies (319ms)
				LogAssemblyErrors (0ms)
				InitializePlatformSupportModulesInManaged (24ms)
				SetLoadedEditorAssemblies (0ms)
				RefreshPlugins (1ms)
				BeforeProcessingInitializeOnLoad (67ms)
				ProcessInitializeOnLoadAttributes (200ms)
				ProcessInitializeOnLoadMethodAttributes (20ms)
				AfterProcessingInitializeOnLoad (8ms)
				EditorAssembliesLoaded (0ms)
			ExecutionOrderSort2 (0ms)
			AwakeInstancesAfterBackupRestoration (15ms)
Platform modules already initialized, skipping
Refreshing native plugins compatible for Editor in 2.57 ms, found 3 plugins.
Preloading 0 native plugins for Editor in 0.00 ms.
Unloading 3213 Unused Serialized files (Serialized files now loaded: 0)
Unloading 30 unused Assets / (55.5 KB). Loaded Objects now: 3702.
Memory consumption went from 121.6 MB to 121.5 MB.
Total: 4.463400 ms (FindLiveObjects: 0.654100 ms CreateObjectMapping: 0.426700 ms MarkObjects: 3.298400 ms  DeleteObjects: 0.081700 ms)

AssetImportParameters requested are different than current active one (requested -> active):
  custom:video-decoder-ogg-theora: a1e56fd34408186e4bbccfd4996cb3dc -> 
  custom:container-muxer-webm: aa71ff27fc2769a1b78a27578f13a17b -> 
  custom:container-demuxer-webm: 4f35f7cbe854078d1ac9338744f61a02 -> 
  custom:video-encoder-webm-vp8: eb34c28f22e8b96e1ab97ce403110664 -> 
  custom:audio-encoder-webm-vorbis: bf7c407c2cedff20999df2af8eb42d56 -> 
  custom:framework-win-MediaFoundation: 216162199b28c13a410421893ffa2e32 -> 
  custom:container-demuxer-ogg: 62fdf1f143b41e24485cea50d1cbac27 -> 
  custom:video-decoder-webm-vp8: 9c59270c3fd7afecdb556c50c9e8de78 -> 
  custom:audio-decoder-ogg-vorbis: bf7c407c2cedff20999df2af8eb42d56 -> 
========================================================================
Received Import Request.
  Time since last request: 133.588168 seconds.
  path: Assets/Image/Vegetables.png
  artifactKey: Guid(4fb8dcb9c427c62478830363cae9caa6) Importer(815301076,1909f56bfc062723c751e8b465ee728b)
Start importing Assets/Image/Vegetables.png using Guid(4fb8dcb9c427c62478830363cae9caa6) Importer(815301076,1909f56bfc062723c751e8b465ee728b)  -> (artifact id: 'afd2db558fb3aafde5b88610905438a4') in 0.046254 seconds 
========================================================================
Received Import Request.
  Time since last request: 8796.433735 seconds.
  path: Assets/Image/farm tool icons outlined calciumtrice.png
  artifactKey: Guid(43aa5ecc16203f441a1ac4d65385c73c) Importer(815301076,1909f56bfc062723c751e8b465ee728b)
Start importing Assets/Image/farm tool icons outlined calciumtrice.png using Guid(43aa5ecc16203f441a1ac4d65385c73c) Importer(815301076,1909f56bfc062723c751e8b465ee728b)  -> (artifact id: '45276589f1d6e895a0a3d971ce47ce1a') in 0.122827 seconds 
========================================================================
Received Prepare
Registering precompiled user dll's ...
Registered in 0.006193 seconds.
Begin MonoManager ReloadAssembly
Symbol file LoadedFromMemory doesn't match image D:\OneDrive\ë¬¸ì„œ\GitHub\Farming-GO\FarmingGO\Library\PackageCache\com.unity.visualscripting@1.8.0\Editor\VisualScripting.Core\Dependencies\YamlDotNet\Unity.VisualScripting.YamlDotNet.dll
Symbol file LoadedFromMemory doesn't match image D:\OneDrive\ë¬¸ì„œ\GitHub\Farming-GO\FarmingGO\Library\PackageCache\com.unity.visualscripting@1.8.0\Editor\VisualScripting.Core\Dependencies\DotNetZip\Unity.VisualScripting.IonicZip.dll
Native extension for WindowsStandalone target not found
Native extension for Android target not found
Refreshing native plugins compatible for Editor in 0.61 ms, found 3 plugins.
Preloading 0 native plugins for Editor in 0.00 ms.
Mono: successfully reloaded assembly
- Completed reload, in  0.973 seconds
Domain Reload Profiling:
	ReloadAssembly (974ms)
		BeginReloadAssembly (163ms)
			ExecutionOrderSort (0ms)
			DisableScriptedObjects (6ms)
			BackupInstance (0ms)
			ReleaseScriptingObjects (0ms)
			CreateAndSetChildDomain (50ms)
		EndReloadAssembly (717ms)
			LoadAssemblies (108ms)
			RebuildTransferFunctionScriptingTraits (0ms)
			SetupTypeCache (223ms)
			ReleaseScriptCaches (1ms)
			RebuildScriptCaches (42ms)
			SetupLoadedEditorAssemblies (308ms)
				LogAssemblyErrors (0ms)
				InitializePlatformSupportModulesInManaged (19ms)
				SetLoadedEditorAssemblies (0ms)
				RefreshPlugins (1ms)
				BeforeProcessingInitializeOnLoad (66ms)
				ProcessInitializeOnLoadAttributes (193ms)
				ProcessInitializeOnLoadMethodAttributes (18ms)
				AfterProcessingInitializeOnLoad (11ms)
				EditorAssembliesLoaded (0ms)
			ExecutionOrderSort2 (0ms)
			AwakeInstancesAfterBackupRestoration (12ms)
Platform modules already initialized, skipping
Refreshing native plugins compatible for Editor in 3.42 ms, found 3 plugins.
Preloading 0 native plugins for Editor in 0.00 ms.
Unloading 3213 Unused Serialized files (Serialized files now loaded: 0)
Unloading 30 unused Assets / (54.3 KB). Loaded Objects now: 3719.
Memory consumption went from 121.6 MB to 121.6 MB.
Total: 4.136300 ms (FindLiveObjects: 0.267900 ms CreateObjectMapping: 0.159800 ms MarkObjects: 3.569200 ms  DeleteObjects: 0.138100 ms)

AssetImportParameters requested are different than current active one (requested -> active):
  custom:video-decoder-ogg-theora: a1e56fd34408186e4bbccfd4996cb3dc -> 
  custom:container-muxer-webm: aa71ff27fc2769a1b78a27578f13a17b -> 
  custom:container-demuxer-webm: 4f35f7cbe854078d1ac9338744f61a02 -> 
  custom:video-encoder-webm-vp8: eb34c28f22e8b96e1ab97ce403110664 -> 
  custom:audio-encoder-webm-vorbis: bf7c407c2cedff20999df2af8eb42d56 -> 
  custom:framework-win-MediaFoundation: 216162199b28c13a410421893ffa2e32 -> 
  custom:container-demuxer-ogg: 62fdf1f143b41e24485cea50d1cbac27 -> 
  custom:video-decoder-webm-vp8: 9c59270c3fd7afecdb556c50c9e8de78 -> 
  custom:audio-decoder-ogg-vorbis: bf7c407c2cedff20999df2af8eb42d56 -> 
========================================================================
Received Prepare
Registering precompiled user dll's ...
Registered in 0.005349 seconds.
Begin MonoManager ReloadAssembly
Symbol file LoadedFromMemory doesn't match image D:\OneDrive\ë¬¸ì„œ\GitHub\Farming-GO\FarmingGO\Library\PackageCache\com.unity.visualscripting@1.8.0\Editor\VisualScripting.Core\Dependencies\YamlDotNet\Unity.VisualScripting.YamlDotNet.dll
Symbol file LoadedFromMemory doesn't match image D:\OneDrive\ë¬¸ì„œ\GitHub\Farming-GO\FarmingGO\Library\PackageCache\com.unity.visualscripting@1.8.0\Editor\VisualScripting.Core\Dependencies\DotNetZip\Unity.VisualScripting.IonicZip.dll
Native extension for WindowsStandalone target not found
Native extension for Android target not found
Refreshing native plugins compatible for Editor in 1.29 ms, found 3 plugins.
Preloading 0 native plugins for Editor in 0.00 ms.
Mono: successfully reloaded assembly
- Completed reload, in  1.096 seconds
Domain Reload Profiling:
	ReloadAssembly (1097ms)
		BeginReloadAssembly (145ms)
			ExecutionOrderSort (0ms)
			DisableScriptedObjects (6ms)
			BackupInstance (0ms)
			ReleaseScriptingObjects (0ms)
			CreateAndSetChildDomain (35ms)
		EndReloadAssembly (842ms)
			LoadAssemblies (102ms)
			RebuildTransferFunctionScriptingTraits (0ms)
			SetupTypeCache (226ms)
			ReleaseScriptCaches (1ms)
			RebuildScriptCaches (56ms)
			SetupLoadedEditorAssemblies (403ms)
				LogAssemblyErrors (0ms)
				InitializePlatformSupportModulesInManaged (32ms)
				SetLoadedEditorAssemblies (1ms)
				RefreshPlugins (1ms)
				BeforeProcessingInitializeOnLoad (111ms)
				ProcessInitializeOnLoadAttributes (224ms)
				ProcessInitializeOnLoadMethodAttributes (23ms)
				AfterProcessingInitializeOnLoad (11ms)
				EditorAssembliesLoaded (0ms)
			ExecutionOrderSort2 (0ms)
			AwakeInstancesAfterBackupRestoration (12ms)
Platform modules already initialized, skipping
Refreshing native plugins compatible for Editor in 2.97 ms, found 3 plugins.
Preloading 0 native plugins for Editor in 0.00 ms.
Unloading 3213 Unused Serialized files (Serialized files now loaded: 0)
Unloading 30 unused Assets / (55.3 KB). Loaded Objects now: 3722.
Memory consumption went from 121.6 MB to 121.6 MB.
Total: 2.604600 ms (FindLiveObjects: 0.270700 ms CreateObjectMapping: 0.153200 ms MarkObjects: 2.116000 ms  DeleteObjects: 0.063600 ms)

AssetImportParameters requested are different than current active one (requested -> active):
  custom:video-decoder-ogg-theora: a1e56fd34408186e4bbccfd4996cb3dc -> 
  custom:container-muxer-webm: aa71ff27fc2769a1b78a27578f13a17b -> 
  custom:container-demuxer-webm: 4f35f7cbe854078d1ac9338744f61a02 -> 
  custom:video-encoder-webm-vp8: eb34c28f22e8b96e1ab97ce403110664 -> 
  custom:audio-encoder-webm-vorbis: bf7c407c2cedff20999df2af8eb42d56 -> 
  custom:framework-win-MediaFoundation: 216162199b28c13a410421893ffa2e32 -> 
  custom:container-demuxer-ogg: 62fdf1f143b41e24485cea50d1cbac27 -> 
  custom:video-decoder-webm-vp8: 9c59270c3fd7afecdb556c50c9e8de78 -> 
  custom:audio-decoder-ogg-vorbis: bf7c407c2cedff20999df2af8eb42d56 -> 
========================================================================
Received Import Request.
  Time since last request: 1400.159307 seconds.
  path: Assets/Data/Tools/Seed/Cabbage Seed.asset
  artifactKey: Guid(53cd07bb623407047b3975bcf656af06) Importer(815301076,1909f56bfc062723c751e8b465ee728b)
Start importing Assets/Data/Tools/Seed/Cabbage Seed.asset using Guid(53cd07bb623407047b3975bcf656af06) Importer(815301076,1909f56bfc062723c751e8b465ee728b)  -> (artifact id: '35d217ae6098fd915f7ae42e039d0423') in 0.029530 seconds 
